19:56:14.864 INFO  NativeLibraryLoader - Loading libgkl_compression.so from jar:file:/mnt/c/Users/Rose%20Hazenberg/Thema11/picard/build/libs/picard.jar!/com/intel/gkl/native/libgkl_compression.so
[Sat Mar 12 19:56:14 CET 2022] MarkDuplicates --MAX_FILE_HANDLES_FOR_READ_ENDS_MAP 1000 --INPUT sorted/outB.sorted.bam --OUTPUT filtered/outB.dedupe.bam --METRICS_FILE results/out.metrics --REMOVE_DUPLICATES true --ASSUME_SORTED true --VALIDATION_STRINGENCY LENIENT --MAX_SEQUENCES_FOR_DISK_READ_ENDS_MAP 50000 --SORTING_COLLECTION_SIZE_RATIO 0.25 --TAG_DUPLICATE_SET_MEMBERS false --REMOVE_SEQUENCING_DUPLICATES false --TAGGING_POLICY DontTag --CLEAR_DT true --DUPLEX_UMI false --ADD_PG_TAG_TO_READS true --DUPLICATE_SCORING_STRATEGY SUM_OF_BASE_QUALITIES --PROGRAM_RECORD_ID MarkDuplicates --PROGRAM_GROUP_NAME MarkDuplicates --READ_NAME_REGEX <optimized capture of last three ':' separated fields as numeric values> --OPTICAL_DUPLICATE_PIXEL_DISTANCE 100 --MAX_OPTICAL_DUPLICATE_SET_SIZE 300000 --VERBOSITY INFO --QUIET false --COMPRESSION_LEVEL 5 --MAX_RECORDS_IN_RAM 500000 --CREATE_INDEX false --CREATE_MD5_FILE false --GA4GH_CLIENT_SECRETS client_secrets.json --help false --version false --showHidden false --USE_JDK_DEFLATER false --USE_JDK_INFLATER false
[Sat Mar 12 19:56:14 CET 2022] Executing as rosehazenberg@LAPTOP-3QPGP9F9 on Linux 4.4.0-19041-Microsoft amd64; OpenJDK 64-Bit Server VM 11.0.13+8-Ubuntu-0ubuntu1.20.04; Deflater: Intel; Inflater: Intel; Provider GCS is not available; Picard version: Version:2.26.10-4-ga03ed41-SNAPSHOT
INFO	2022-03-12 19:56:14	MarkDuplicates	Start of doWork freeMemory: 24972752; totalMemory: 31457280; maxMemory: 2109734912
INFO	2022-03-12 19:56:14	MarkDuplicates	Reading input file and constructing read end information.
INFO	2022-03-12 19:56:14	MarkDuplicates	Will retain up to 7643967 data points before spilling to disk.
INFO	2022-03-12 19:56:15	MarkDuplicates	Read 0 records. 0 pairs never matched.
INFO	2022-03-12 19:56:15	MarkDuplicates	After buildSortedReadEndLists freeMemory: 49780176; totalMemory: 119537664; maxMemory: 2109734912
INFO	2022-03-12 19:56:15	MarkDuplicates	Will retain up to 65929216 duplicate indices before spilling to disk.
INFO	2022-03-12 19:56:16	MarkDuplicates	Traversing read pair information and detecting duplicates.
INFO	2022-03-12 19:56:16	MarkDuplicates	Traversing fragment information and detecting duplicates.
INFO	2022-03-12 19:56:16	MarkDuplicates	Sorting list of duplicate records.
INFO	2022-03-12 19:56:16	MarkDuplicates	After generateDuplicateIndexes freeMemory: 360222064; totalMemory: 895483904; maxMemory: 2109734912
INFO	2022-03-12 19:56:16	MarkDuplicates	Marking 0 records as duplicates.
INFO	2022-03-12 19:56:16	MarkDuplicates	Found 0 optical duplicate clusters.
INFO	2022-03-12 19:56:16	MarkDuplicates	Reads are assumed to be ordered by: coordinate
INFO	2022-03-12 19:56:16	MarkDuplicates	Writing complete. Closing input iterator.
INFO	2022-03-12 19:56:16	MarkDuplicates	Duplicate Index cleanup.
INFO	2022-03-12 19:56:16	MarkDuplicates	Getting Memory Stats.
INFO	2022-03-12 19:56:17	MarkDuplicates	Before output close freeMemory: 28630384; totalMemory: 35651584; maxMemory: 2109734912
INFO	2022-03-12 19:56:17	MarkDuplicates	Closed outputs. Getting more Memory Stats.
INFO	2022-03-12 19:56:17	MarkDuplicates	After output close freeMemory: 24522640; totalMemory: 31457280; maxMemory: 2109734912
[Sat Mar 12 19:56:17 CET 2022] picard.sam.markduplicates.MarkDuplicates done. Elapsed time: 0.04 minutes.
Runtime.totalMemory()=31457280
